{"/Users/Grace/Documents/express-biztime/app.js": {"path":"/Users/Grace/Documents/express-biztime/app.js","statementMap":{"0":{"start":{"line":4,"column":16},"end":{"line":4,"column":34}},"1":{"start":{"line":6,"column":26},"end":{"line":6,"column":51}},"2":{"start":{"line":10,"column":24},"end":{"line":10,"column":53}},"3":{"start":{"line":11,"column":23},"end":{"line":11,"column":51}},"4":{"start":{"line":13,"column":12},"end":{"line":13,"column":21}},"5":{"start":{"line":16,"column":0},"end":{"line":16,"column":24}},"6":{"start":{"line":19,"column":0},"end":{"line":19,"column":39}},"7":{"start":{"line":22,"column":0},"end":{"line":22,"column":37}},"8":{"start":{"line":25,"column":0},"end":{"line":27,"column":3}},"9":{"start":{"line":26,"column":2},"end":{"line":26,"column":28}},"10":{"start":{"line":30,"column":0},"end":{"line":35,"column":3}},"11":{"start":{"line":31,"column":17},"end":{"line":31,"column":34}},"12":{"start":{"line":32,"column":18},"end":{"line":32,"column":29}},"13":{"start":{"line":33,"column":2},"end":{"line":33,"column":72}},"14":{"start":{"line":33,"column":39},"end":{"line":33,"column":72}},"15":{"start":{"line":34,"column":2},"end":{"line":34,"column":65}},"16":{"start":{"line":38,"column":0},"end":{"line":38,"column":21}}},"fnMap":{"0":{"name":"(anonymous_0)","decl":{"start":{"line":25,"column":8},"end":{"line":25,"column":9}},"loc":{"start":{"line":25,"column":34},"end":{"line":27,"column":1}},"line":25},"1":{"name":"(anonymous_1)","decl":{"start":{"line":30,"column":8},"end":{"line":30,"column":9}},"loc":{"start":{"line":30,"column":39},"end":{"line":35,"column":1}},"line":30}},"branchMap":{"0":{"loc":{"start":{"line":31,"column":17},"end":{"line":31,"column":34}},"type":"binary-expr","locations":[{"start":{"line":31,"column":17},"end":{"line":31,"column":27}},{"start":{"line":31,"column":31},"end":{"line":31,"column":34}}],"line":31},"1":{"loc":{"start":{"line":33,"column":2},"end":{"line":33,"column":72}},"type":"if","locations":[{"start":{"line":33,"column":2},"end":{"line":33,"column":72}},{"start":{},"end":{}}],"line":33}},"s":{"0":1,"1":1,"2":1,"3":1,"4":1,"5":1,"6":1,"7":1,"8":1,"9":0,"10":1,"11":3,"12":3,"13":3,"14":0,"15":3,"16":1},"f":{"0":0,"1":3},"b":{"0":[3,0],"1":[0,3]},"_coverageSchema":"1a1c01bbd47fc00a2c39e90264f33305004495a9","hash":"42861d1a053d9bea93513c61edc346bec4fde691"}
,"/Users/Grace/Documents/express-biztime/db.js": {"path":"/Users/Grace/Documents/express-biztime/db.js","statementMap":{"0":{"start":{"line":5,"column":19},"end":{"line":5,"column":32}},"1":{"start":{"line":7,"column":15},"end":{"line":9,"column":27}},"2":{"start":{"line":11,"column":9},"end":{"line":13,"column":2}},"3":{"start":{"line":15,"column":0},"end":{"line":15,"column":13}},"4":{"start":{"line":17,"column":0},"end":{"line":17,"column":20}}},"fnMap":{},"branchMap":{"0":{"loc":{"start":{"line":7,"column":15},"end":{"line":9,"column":27}},"type":"cond-expr","locations":[{"start":{"line":8,"column":4},"end":{"line":8,"column":32}},{"start":{"line":9,"column":4},"end":{"line":9,"column":27}}],"line":7}},"s":{"0":1,"1":1,"2":1,"3":1,"4":1},"f":{},"b":{"0":[1,0]},"_coverageSchema":"1a1c01bbd47fc00a2c39e90264f33305004495a9","hash":"8800a5c2ecd6fdae70dd3fdded26da6687c9ea24"}
,"/Users/Grace/Documents/express-biztime/expressError.js": {"path":"/Users/Grace/Documents/express-biztime/expressError.js","statementMap":{"0":{"start":{"line":9,"column":4},"end":{"line":9,"column":12}},"1":{"start":{"line":10,"column":4},"end":{"line":10,"column":27}},"2":{"start":{"line":11,"column":4},"end":{"line":11,"column":25}},"3":{"start":{"line":19,"column":4},"end":{"line":19,"column":24}},"4":{"start":{"line":27,"column":4},"end":{"line":27,"column":24}},"5":{"start":{"line":35,"column":4},"end":{"line":35,"column":24}},"6":{"start":{"line":43,"column":4},"end":{"line":43,"column":24}},"7":{"start":{"line":47,"column":0},"end":{"line":53,"column":2}}},"fnMap":{"0":{"name":"(anonymous_0)","decl":{"start":{"line":8,"column":2},"end":{"line":8,"column":3}},"loc":{"start":{"line":8,"column":31},"end":{"line":12,"column":3}},"line":8},"1":{"name":"(anonymous_1)","decl":{"start":{"line":18,"column":2},"end":{"line":18,"column":3}},"loc":{"start":{"line":18,"column":37},"end":{"line":20,"column":3}},"line":18},"2":{"name":"(anonymous_2)","decl":{"start":{"line":26,"column":2},"end":{"line":26,"column":3}},"loc":{"start":{"line":26,"column":40},"end":{"line":28,"column":3}},"line":26},"3":{"name":"(anonymous_3)","decl":{"start":{"line":34,"column":2},"end":{"line":34,"column":3}},"loc":{"start":{"line":34,"column":39},"end":{"line":36,"column":3}},"line":34},"4":{"name":"(anonymous_4)","decl":{"start":{"line":42,"column":2},"end":{"line":42,"column":3}},"loc":{"start":{"line":42,"column":39},"end":{"line":44,"column":3}},"line":42}},"branchMap":{"0":{"loc":{"start":{"line":18,"column":14},"end":{"line":18,"column":35}},"type":"default-arg","locations":[{"start":{"line":18,"column":24},"end":{"line":18,"column":35}}],"line":18},"1":{"loc":{"start":{"line":26,"column":14},"end":{"line":26,"column":38}},"type":"default-arg","locations":[{"start":{"line":26,"column":24},"end":{"line":26,"column":38}}],"line":26},"2":{"loc":{"start":{"line":34,"column":14},"end":{"line":34,"column":37}},"type":"default-arg","locations":[{"start":{"line":34,"column":24},"end":{"line":34,"column":37}}],"line":34},"3":{"loc":{"start":{"line":42,"column":14},"end":{"line":42,"column":37}},"type":"default-arg","locations":[{"start":{"line":42,"column":24},"end":{"line":42,"column":37}}],"line":42}},"s":{"0":3,"1":3,"2":3,"3":3,"4":0,"5":0,"6":0,"7":1},"f":{"0":3,"1":3,"2":0,"3":0,"4":0},"b":{"0":[3],"1":[0],"2":[0],"3":[0]},"_coverageSchema":"1a1c01bbd47fc00a2c39e90264f33305004495a9","hash":"68457d56e2f2185757ddb6d868de242ac45689df"}
,"/Users/Grace/Documents/express-biztime/routes/companies.js": {"path":"/Users/Grace/Documents/express-biztime/routes/companies.js","statementMap":{"0":{"start":{"line":3,"column":16},"end":{"line":3,"column":34}},"1":{"start":{"line":4,"column":26},"end":{"line":4,"column":52}},"2":{"start":{"line":5,"column":11},"end":{"line":5,"column":30}},"3":{"start":{"line":6,"column":15},"end":{"line":6,"column":31}},"4":{"start":{"line":11,"column":0},"end":{"line":18,"column":3}},"5":{"start":{"line":12,"column":20},"end":{"line":15,"column":5}},"6":{"start":{"line":17,"column":4},"end":{"line":17,"column":49}},"7":{"start":{"line":24,"column":0},"end":{"line":48,"column":3}},"8":{"start":{"line":25,"column":27},"end":{"line":30,"column":5}},"9":{"start":{"line":32,"column":4},"end":{"line":34,"column":5}},"10":{"start":{"line":33,"column":8},"end":{"line":33,"column":34}},"11":{"start":{"line":36,"column":20},"end":{"line":36,"column":42}},"12":{"start":{"line":38,"column":27},"end":{"line":43,"column":5}},"13":{"start":{"line":45,"column":4},"end":{"line":45,"column":43}},"14":{"start":{"line":47,"column":4},"end":{"line":47,"column":33}},"15":{"start":{"line":53,"column":0},"end":{"line":63,"column":3}},"16":{"start":{"line":54,"column":40},"end":{"line":54,"column":48}},"17":{"start":{"line":55,"column":20},"end":{"line":60,"column":5}},"18":{"start":{"line":62,"column":4},"end":{"line":62,"column":62}},"19":{"start":{"line":68,"column":0},"end":{"line":83,"column":3}},"20":{"start":{"line":69,"column":34},"end":{"line":69,"column":42}},"21":{"start":{"line":70,"column":20},"end":{"line":77,"column":5}},"22":{"start":{"line":79,"column":4},"end":{"line":81,"column":5}},"23":{"start":{"line":80,"column":8},"end":{"line":80,"column":34}},"24":{"start":{"line":82,"column":4},"end":{"line":82,"column":50}},"25":{"start":{"line":88,"column":0},"end":{"line":99,"column":3}},"26":{"start":{"line":89,"column":20},"end":{"line":94,"column":5}},"27":{"start":{"line":95,"column":4},"end":{"line":97,"column":5}},"28":{"start":{"line":96,"column":8},"end":{"line":96,"column":34}},"29":{"start":{"line":98,"column":4},"end":{"line":98,"column":43}},"30":{"start":{"line":103,"column":0},"end":{"line":103,"column":24}}},"fnMap":{"0":{"name":"(anonymous_0)","decl":{"start":{"line":11,"column":16},"end":{"line":11,"column":17}},"loc":{"start":{"line":11,"column":48},"end":{"line":18,"column":1}},"line":11},"1":{"name":"(anonymous_1)","decl":{"start":{"line":24,"column":21},"end":{"line":24,"column":22}},"loc":{"start":{"line":24,"column":53},"end":{"line":48,"column":1}},"line":24},"2":{"name":"(anonymous_2)","decl":{"start":{"line":53,"column":17},"end":{"line":53,"column":18}},"loc":{"start":{"line":53,"column":49},"end":{"line":63,"column":1}},"line":53},"3":{"name":"(anonymous_3)","decl":{"start":{"line":68,"column":21},"end":{"line":68,"column":22}},"loc":{"start":{"line":68,"column":53},"end":{"line":83,"column":1}},"line":68},"4":{"name":"(anonymous_4)","decl":{"start":{"line":88,"column":24},"end":{"line":88,"column":25}},"loc":{"start":{"line":88,"column":56},"end":{"line":99,"column":1}},"line":88}},"branchMap":{"0":{"loc":{"start":{"line":32,"column":4},"end":{"line":34,"column":5}},"type":"if","locations":[{"start":{"line":32,"column":4},"end":{"line":34,"column":5}},{"start":{},"end":{}}],"line":32},"1":{"loc":{"start":{"line":79,"column":4},"end":{"line":81,"column":5}},"type":"if","locations":[{"start":{"line":79,"column":4},"end":{"line":81,"column":5}},{"start":{},"end":{}}],"line":79},"2":{"loc":{"start":{"line":95,"column":4},"end":{"line":97,"column":5}},"type":"if","locations":[{"start":{"line":95,"column":4},"end":{"line":97,"column":5}},{"start":{},"end":{}}],"line":95}},"s":{"0":1,"1":1,"2":1,"3":1,"4":1,"5":1,"6":1,"7":1,"8":2,"9":2,"10":1,"11":1,"12":1,"13":1,"14":1,"15":1,"16":1,"17":1,"18":1,"19":1,"20":2,"21":2,"22":2,"23":1,"24":1,"25":1,"26":2,"27":2,"28":1,"29":1,"30":1},"f":{"0":1,"1":2,"2":1,"3":2,"4":2},"b":{"0":[1,1],"1":[1,1],"2":[1,1]},"_coverageSchema":"1a1c01bbd47fc00a2c39e90264f33305004495a9","hash":"757b66f494f151002377a20f3c1ff36fd367209f"}
,"/Users/Grace/Documents/express-biztime/routes/invoices.js": {"path":"/Users/Grace/Documents/express-biztime/routes/invoices.js","statementMap":{"0":{"start":{"line":3,"column":16},"end":{"line":3,"column":34}},"1":{"start":{"line":4,"column":26},"end":{"line":4,"column":52}},"2":{"start":{"line":5,"column":11},"end":{"line":5,"column":30}},"3":{"start":{"line":6,"column":15},"end":{"line":6,"column":31}},"4":{"start":{"line":11,"column":0},"end":{"line":18,"column":3}},"5":{"start":{"line":12,"column":18},"end":{"line":15,"column":3}},"6":{"start":{"line":17,"column":2},"end":{"line":17,"column":46}},"7":{"start":{"line":24,"column":0},"end":{"line":48,"column":3}},"8":{"start":{"line":25,"column":25},"end":{"line":30,"column":3}},"9":{"start":{"line":31,"column":2},"end":{"line":33,"column":3}},"10":{"start":{"line":32,"column":4},"end":{"line":32,"column":30}},"11":{"start":{"line":35,"column":18},"end":{"line":35,"column":40}},"12":{"start":{"line":37,"column":25},"end":{"line":42,"column":3}},"13":{"start":{"line":44,"column":2},"end":{"line":44,"column":32}},"14":{"start":{"line":45,"column":2},"end":{"line":45,"column":43}},"15":{"start":{"line":47,"column":2},"end":{"line":47,"column":31}},"16":{"start":{"line":54,"column":0},"end":{"line":63,"column":3}},"17":{"start":{"line":55,"column":18},"end":{"line":60,"column":3}},"18":{"start":{"line":62,"column":2},"end":{"line":62,"column":48}},"19":{"start":{"line":68,"column":0},"end":{"line":82,"column":2}},"20":{"start":{"line":69,"column":18},"end":{"line":69,"column":26}},"21":{"start":{"line":70,"column":18},"end":{"line":76,"column":3}},"22":{"start":{"line":78,"column":2},"end":{"line":80,"column":3}},"23":{"start":{"line":79,"column":4},"end":{"line":79,"column":30}},"24":{"start":{"line":81,"column":2},"end":{"line":81,"column":48}},"25":{"start":{"line":88,"column":0},"end":{"line":101,"column":3}},"26":{"start":{"line":89,"column":18},"end":{"line":94,"column":3}},"27":{"start":{"line":96,"column":2},"end":{"line":98,"column":3}},"28":{"start":{"line":97,"column":4},"end":{"line":97,"column":30}},"29":{"start":{"line":100,"column":2},"end":{"line":100,"column":40}},"30":{"start":{"line":103,"column":0},"end":{"line":103,"column":24}}},"fnMap":{"0":{"name":"(anonymous_0)","decl":{"start":{"line":11,"column":16},"end":{"line":11,"column":17}},"loc":{"start":{"line":11,"column":48},"end":{"line":18,"column":1}},"line":11},"1":{"name":"(anonymous_1)","decl":{"start":{"line":24,"column":19},"end":{"line":24,"column":20}},"loc":{"start":{"line":24,"column":51},"end":{"line":48,"column":1}},"line":24},"2":{"name":"(anonymous_2)","decl":{"start":{"line":54,"column":17},"end":{"line":54,"column":18}},"loc":{"start":{"line":54,"column":43},"end":{"line":63,"column":1}},"line":54},"3":{"name":"(anonymous_3)","decl":{"start":{"line":68,"column":19},"end":{"line":68,"column":20}},"loc":{"start":{"line":68,"column":45},"end":{"line":82,"column":1}},"line":68},"4":{"name":"(anonymous_4)","decl":{"start":{"line":88,"column":22},"end":{"line":88,"column":23}},"loc":{"start":{"line":88,"column":48},"end":{"line":101,"column":1}},"line":88}},"branchMap":{"0":{"loc":{"start":{"line":31,"column":2},"end":{"line":33,"column":3}},"type":"if","locations":[{"start":{"line":31,"column":2},"end":{"line":33,"column":3}},{"start":{},"end":{}}],"line":31},"1":{"loc":{"start":{"line":78,"column":2},"end":{"line":80,"column":3}},"type":"if","locations":[{"start":{"line":78,"column":2},"end":{"line":80,"column":3}},{"start":{},"end":{}}],"line":78},"2":{"loc":{"start":{"line":96,"column":2},"end":{"line":98,"column":3}},"type":"if","locations":[{"start":{"line":96,"column":2},"end":{"line":98,"column":3}},{"start":{},"end":{}}],"line":96}},"s":{"0":1,"1":1,"2":1,"3":1,"4":1,"5":0,"6":0,"7":1,"8":0,"9":0,"10":0,"11":0,"12":0,"13":0,"14":0,"15":0,"16":1,"17":0,"18":0,"19":1,"20":0,"21":0,"22":0,"23":0,"24":0,"25":1,"26":0,"27":0,"28":0,"29":0,"30":1},"f":{"0":0,"1":0,"2":0,"3":0,"4":0},"b":{"0":[0,0],"1":[0,0],"2":[0,0]},"_coverageSchema":"1a1c01bbd47fc00a2c39e90264f33305004495a9","hash":"6a731d2658d512bda6c42f81aa6c2f364f82bc83"}
}
