TN:
SF:app.js
FN:25,(anonymous_0)
FN:30,(anonymous_1)
FNF:2
FNH:1
FNDA:0,(anonymous_0)
FNDA:3,(anonymous_1)
DA:4,1
DA:6,1
DA:10,1
DA:11,1
DA:13,1
DA:16,1
DA:19,1
DA:22,1
DA:25,1
DA:26,0
DA:30,1
DA:31,3
DA:32,3
DA:33,3
DA:34,3
DA:38,1
LF:16
LH:15
BRDA:31,0,0,3
BRDA:31,0,1,0
BRDA:33,1,0,0
BRDA:33,1,1,3
BRF:4
BRH:2
end_of_record
TN:
SF:db.js
FNF:0
FNH:0
DA:5,1
DA:7,1
DA:11,1
DA:15,1
DA:17,1
LF:5
LH:5
BRDA:7,0,0,1
BRDA:7,0,1,0
BRF:2
BRH:1
end_of_record
TN:
SF:expressError.js
FN:8,(anonymous_0)
FN:18,(anonymous_1)
FN:26,(anonymous_2)
FN:34,(anonymous_3)
FN:42,(anonymous_4)
FNF:5
FNH:2
FNDA:3,(anonymous_0)
FNDA:3,(anonymous_1)
FNDA:0,(anonymous_2)
FNDA:0,(anonymous_3)
FNDA:0,(anonymous_4)
DA:9,3
DA:10,3
DA:11,3
DA:19,3
DA:27,0
DA:35,0
DA:43,0
DA:47,1
LF:8
LH:5
BRDA:18,0,0,3
BRDA:26,1,0,0
BRDA:34,2,0,0
BRDA:42,3,0,0
BRF:4
BRH:1
end_of_record
TN:
SF:routes/companies.js
FN:11,(anonymous_0)
FN:24,(anonymous_1)
FN:53,(anonymous_2)
FN:68,(anonymous_3)
FN:88,(anonymous_4)
FNF:5
FNH:5
FNDA:1,(anonymous_0)
FNDA:2,(anonymous_1)
FNDA:1,(anonymous_2)
FNDA:2,(anonymous_3)
FNDA:2,(anonymous_4)
DA:3,1
DA:4,1
DA:5,1
DA:6,1
DA:11,1
DA:12,1
DA:17,1
DA:24,1
DA:25,2
DA:32,2
DA:33,1
DA:36,1
DA:38,1
DA:45,1
DA:47,1
DA:53,1
DA:54,1
DA:55,1
DA:62,1
DA:68,1
DA:69,2
DA:70,2
DA:79,2
DA:80,1
DA:82,1
DA:88,1
DA:89,2
DA:95,2
DA:96,1
DA:98,1
DA:103,1
LF:31
LH:31
BRDA:32,0,0,1
BRDA:32,0,1,1
BRDA:79,1,0,1
BRDA:79,1,1,1
BRDA:95,2,0,1
BRDA:95,2,1,1
BRF:6
BRH:6
end_of_record
TN:
SF:routes/invoices.js
FN:11,(anonymous_0)
FN:24,(anonymous_1)
FN:54,(anonymous_2)
FN:68,(anonymous_3)
FN:88,(anonymous_4)
FNF:5
FNH:0
FNDA:0,(anonymous_0)
FNDA:0,(anonymous_1)
FNDA:0,(anonymous_2)
FNDA:0,(anonymous_3)
FNDA:0,(anonymous_4)
DA:3,1
DA:4,1
DA:5,1
DA:6,1
DA:11,1
DA:12,0
DA:17,0
DA:24,1
DA:25,0
DA:31,0
DA:32,0
DA:35,0
DA:37,0
DA:44,0
DA:45,0
DA:47,0
DA:54,1
DA:55,0
DA:62,0
DA:68,1
DA:69,0
DA:70,0
DA:78,0
DA:79,0
DA:81,0
DA:88,1
DA:89,0
DA:96,0
DA:97,0
DA:100,0
DA:103,1
LF:31
LH:10
BRDA:31,0,0,0
BRDA:31,0,1,0
BRDA:78,1,0,0
BRDA:78,1,1,0
BRDA:96,2,0,0
BRDA:96,2,1,0
BRF:6
BRH:0
end_of_record
